<?xml version="1.0" encoding="UTF-8"?>
<testsuite name="com.monotonic.collections._7_sets.after.ProductCatalogueTest" tests="1" skipped="0" failures="0" errors="0" timestamp="2023-01-09T23:23:30" hostname="MTY-J7UVUA1NQ8D" time="0.006">
  <properties/>
  <testcase name="shouldNotRecordDuplicateProducts" classname="com.monotonic.collections._7_sets.after.ProductCatalogueTest" time="0.006"/>
  <system-out><![CDATA[]]></system-out>
  <system-err><![CDATA[]]></system-err>
</testsuite>
