<?xml version="1.0" encoding="UTF-8"?>
<testsuite name="com.monotonic.collections._3_lists.after.ShipmentTest" tests="4" skipped="0" failures="0" errors="0" timestamp="2023-01-09T23:23:30" hostname="MTY-J7UVUA1NQ8D" time="0.023">
  <properties/>
  <testcase name="shouldNotReplaceMissingItems" classname="com.monotonic.collections._3_lists.after.ShipmentTest" time="0.02"/>
  <testcase name="shouldReplaceItems" classname="com.monotonic.collections._3_lists.after.ShipmentTest" time="0.001"/>
  <testcase name="shouldIdentifyVanRequirements" classname="com.monotonic.collections._3_lists.after.ShipmentTest" time="0.001"/>
  <testcase name="shouldAddItems" classname="com.monotonic.collections._3_lists.after.ShipmentTest" time="0.0"/>
  <system-out><![CDATA[]]></system-out>
  <system-err><![CDATA[]]></system-err>
</testsuite>
